<?xml version="1.0" encoding="UTF-8"?>
<testng-results skipped="0" failed="0" total="1" passed="1">
  <reporter-output>
  </reporter-output>
  <suite name="Default suite" duration-ms="17661" started-at="2019-04-17T05:50:12Z" finished-at="2019-04-17T05:50:30Z">
    <groups>
    </groups>
    <test name="Default test" duration-ms="17661" started-at="2019-04-17T05:50:12Z" finished-at="2019-04-17T05:50:30Z">
      <class name="pack1.SeleniumTest">
        <test-method status="PASS" signature="beforeMethod()[pri:0, instance:pack1.SeleniumTest@28feb3fa]" name="beforeMethod" is-config="true" duration-ms="12637" started-at="2019-04-17T11:20:12Z" finished-at="2019-04-17T11:20:25Z">
          <reporter-output>
          </reporter-output>
        </test-method> <!-- beforeMethod -->
        <test-method status="PASS" signature="Login()[pri:0, instance:pack1.SeleniumTest@28feb3fa]" name="Login" duration-ms="4853" started-at="2019-04-17T11:20:25Z" finished-at="2019-04-17T11:20:30Z">
          <reporter-output>
          </reporter-output>
        </test-method> <!-- Login -->
        <test-method status="PASS" signature="afterMethod()[pri:0, instance:pack1.SeleniumTest@28feb3fa]" name="afterMethod" is-config="true" duration-ms="135" started-at="2019-04-17T11:20:30Z" finished-at="2019-04-17T11:20:30Z">
          <reporter-output>
          </reporter-output>
        </test-method> <!-- afterMethod -->
      </class> <!-- pack1.SeleniumTest -->
    </test> <!-- Default test -->
  </suite> <!-- Default suite -->
</testng-results>
