<?xml version="1.0" encoding="UTF-8"?>
<testng-results skipped="0" failed="0" total="1" passed="1">
  <reporter-output>
  </reporter-output>
  <suite name="Default suite" duration-ms="62" started-at="2019-04-17T05:06:35Z" finished-at="2019-04-17T05:06:35Z">
    <groups>
    </groups>
    <test name="Default test" duration-ms="62" started-at="2019-04-17T05:06:35Z" finished-at="2019-04-17T05:06:35Z">
      <class name="pack1.SeleniumTest">
        <test-method status="PASS" signature="beforeClass()[pri:0, instance:pack1.SeleniumTest@6ea12c19]" name="beforeClass" is-config="true" duration-ms="16" started-at="2019-04-17T10:36:35Z" finished-at="2019-04-17T10:36:35Z">
          <reporter-output>
          </reporter-output>
        </test-method> <!-- beforeClass -->
        <test-method status="PASS" signature="f()[pri:0, instance:pack1.SeleniumTest@6ea12c19]" name="f" duration-ms="0" started-at="2019-04-17T10:36:35Z" finished-at="2019-04-17T10:36:35Z">
          <reporter-output>
          </reporter-output>
        </test-method> <!-- f -->
        <test-method status="PASS" signature="afterClass()[pri:0, instance:pack1.SeleniumTest@6ea12c19]" name="afterClass" is-config="true" duration-ms="0" started-at="2019-04-17T10:36:35Z" finished-at="2019-04-17T10:36:35Z">
          <reporter-output>
          </reporter-output>
        </test-method> <!-- afterClass -->
      </class> <!-- pack1.SeleniumTest -->
    </test> <!-- Default test -->
  </suite> <!-- Default suite -->
</testng-results>
